Build started 23/4/2010 3:47:48 πμ.
     1>Project "C:\msys\1.0\home\thinker\ioq3-urt-git\ioq3-urt\misc\msvc\quake3.vcxproj" on node 3 (build target(s)).
     1>_PrepareForBuild:
         Creating "..\..\..\..\ioq3-urt-build\ioq3-urt\quake3.unsuccessfulbuild" because "AlwaysCreate" was specified.
     1>C:\Program Files (x86)\MSBuild\Microsoft.Cpp\v4.0\Microsoft.CppBuild.targets(248,5): warning MSB8004: Intermediate Directory does not end with a trailing slash.  This build instance will add the slash as it is required to allow proper evaluation of the Intermediate Directory.
     1>C:\Program Files (x86)\MSBuild\Microsoft.Cpp\v4.0\Microsoft.CppBuild.targets(249,5): warning MSB8004: Output Directory does not end with a trailing slash.  This build instance will add the slash as it is required to allow proper evaluation of the Output Directory.
       ClCompile:
         C:\Program Files (x86)\Microsoft Visual Studio 10.0\VC\bin\CL.exe /c /I..\..\code\SDL12\include /I..\..\code\libcurl /I..\..\code\AL /I..\..\code\libspeex\include /I..\..\code\zlib /nologo /W3 /WX- /MP /O2 /Ob2 /Oi /Ot /Oy /D USE_LOCAL_HEADERS /D _WIN32 /D WIN32 /D USE_MUMBLE /D CURL_STATICLIB /D USE_CURL /D _CRT_SECURE_NO_WARNINGS /D USE_ICON /D STANDALONE /D NDEBUG /D BOTLIB /D USE_OPENAL /D USE_OPENAL_DLOPEN /UUSE_CURL_DLOPEN /GF /Gm- /MT /GS- /arch:SSE2 /fp:fast /Zc:wchar_t /Zc:forScope /Fo"..\..\..\..\ioq3-urt-build\ioq3-urt\\" /Fd"..\..\..\..\ioq3-urt-build\ioq3-urt\\" /Gd /TC /analyze- /errorReport:prompt ..\..\code\client\cl_input.c
         cl_input.c
     1>..\..\code\client\cl_input.c(677): warning C4101: 'oldPacketNum' : unreferenced local variable
     1>..\..\code\client\cl_input.c(678): warning C4101: 'delta' : unreferenced local variable
       ResourceCompile:
         All outputs are up-to-date.
     1>C:\Program Files (x86)\MSBuild\Microsoft.Cpp\v4.0\Microsoft.CppBuild.targets(935,5): warning MSB8012: TargetPath(C:\msys\1.0\home\thinker\ioq3-urt-git\ioq3-urt\misc\msvc\..\..\..\..\ioq3-urt-build\ioq3-urt\ioquake3.exe) does not match the Linker's OutputFile property value (C:\msys\1.0\home\thinker\ioq3-urt-build\ioq3-urt\ioquake3.exe). This may cause your project to build incorrectly. To correct this, please make sure that $(OutDir), $(TargetName) and $(TargetExt) property values match the value specified in %(Link.OutputFile).
       Link:
         C:\Program Files (x86)\Microsoft Visual Studio 10.0\VC\bin\link.exe /ERRORREPORT:PROMPT /OUT:"..\..\..\..\ioq3-urt-build\ioq3-urt\ioquake3.exe" /INCREMENTAL:NO /NOLOGO psapi.lib dxguid.lib libcurl.lib winmm.lib ws2_32.lib OpenGL32.lib SDL.lib SDLmain.lib libcmt.lib kernel32.lib user32.lib gdi32.lib winspool.lib comdlg32.lib advapi32.lib shell32.lib ole32.lib oleaut32.lib uuid.lib odbc32.lib odbccp32.lib /MANIFEST /ManifestFile:"..\..\..\..\ioq3-urt-build\ioq3-urt\ioquake3.exe.intermediate.manifest" /MANIFESTUAC:"level='asInvoker' uiAccess='false'" /PDB:"..\..\..\..\ioq3-urt-build\ioq3-urt\quake3.pdb" /MAP:"..\..\..\..\ioq3-urt-build\ioq3-urt\quake3.map" /SUBSYSTEM:WINDOWS /STACK:"8388608" /OPT:REF /TLBID:1 /DYNAMICBASE /NXCOMPAT /IMPLIB:"..\..\..\..\ioq3-urt-build\ioq3-urt\ioquake3.lib" /MACHINE:X86 "..\..\..\..\ioq3-urt-build\ioq3-urt\win_resource.res"
         "..\..\..\..\ioq3-urt-build\ioq3-urt\cl_avi.obj"
         "..\..\..\..\ioq3-urt-build\ioq3-urt\cl_cgame.obj"
         "..\..\..\..\ioq3-urt-build\ioq3-urt\cl_cin.obj"
         "..\..\..\..\ioq3-urt-build\ioq3-urt\cl_console.obj"
         "..\..\..\..\ioq3-urt-build\ioq3-urt\cl_curl.obj"
         "..\..\..\..\ioq3-urt-build\ioq3-urt\cl_input.obj"
         "..\..\..\..\ioq3-urt-build\ioq3-urt\cl_keys.obj"
         "..\..\..\..\ioq3-urt-build\ioq3-urt\cl_main.obj"
         "..\..\..\..\ioq3-urt-build\ioq3-urt\cl_net_chan.obj"
         "..\..\..\..\ioq3-urt-build\ioq3-urt\cl_parse.obj"
         "..\..\..\..\ioq3-urt-build\ioq3-urt\cl_scrn.obj"
         "..\..\..\..\ioq3-urt-build\ioq3-urt\cl_ui.obj"
         "..\..\..\..\ioq3-urt-build\ioq3-urt\ioq3-urt.obj"
         "..\..\..\..\ioq3-urt-build\ioq3-urt\libmumblelink.obj"
         "..\..\..\..\ioq3-urt-build\ioq3-urt\sam.obj"
         "..\..\..\..\ioq3-urt-build\ioq3-urt\jcapimin.obj"
         "..\..\..\..\ioq3-urt-build\ioq3-urt\jcapistd.obj"
         "..\..\..\..\ioq3-urt-build\ioq3-urt\jccoefct.obj"
         "..\..\..\..\ioq3-urt-build\ioq3-urt\jccolor.obj"
         "..\..\..\..\ioq3-urt-build\ioq3-urt\jcdctmgr.obj"
         "..\..\..\..\ioq3-urt-build\ioq3-urt\jchuff.obj"
         "..\..\..\..\ioq3-urt-build\ioq3-urt\jcinit.obj"
         "..\..\..\..\ioq3-urt-build\ioq3-urt\jcmainct.obj"
         "..\..\..\..\ioq3-urt-build\ioq3-urt\jcmarker.obj"
         "..\..\..\..\ioq3-urt-build\ioq3-urt\jcmaster.obj"
         "..\..\..\..\ioq3-urt-build\ioq3-urt\jcomapi.obj"
         "..\..\..\..\ioq3-urt-build\ioq3-urt\jcparam.obj"
         "..\..\..\..\ioq3-urt-build\ioq3-urt\jcphuff.obj"
         "..\..\..\..\ioq3-urt-build\ioq3-urt\jcprepct.obj"
         "..\..\..\..\ioq3-urt-build\ioq3-urt\jcsample.obj"
         "..\..\..\..\ioq3-urt-build\ioq3-urt\jdapimin.obj"
         "..\..\..\..\ioq3-urt-build\ioq3-urt\jdapistd.obj"
         "..\..\..\..\ioq3-urt-build\ioq3-urt\jdatadst.obj"
         "..\..\..\..\ioq3-urt-build\ioq3-urt\jdatasrc.obj"
         "..\..\..\..\ioq3-urt-build\ioq3-urt\jdcoefct.obj"
         "..\..\..\..\ioq3-urt-build\ioq3-urt\jdcolor.obj"
         "..\..\..\..\ioq3-urt-build\ioq3-urt\jddctmgr.obj"
         "..\..\..\..\ioq3-urt-build\ioq3-urt\jdhuff.obj"
         "..\..\..\..\ioq3-urt-build\ioq3-urt\jdinput.obj"
         "..\..\..\..\ioq3-urt-build\ioq3-urt\jdmainct.obj"
         "..\..\..\..\ioq3-urt-build\ioq3-urt\jdmarker.obj"
         "..\..\..\..\ioq3-urt-build\ioq3-urt\jdmaster.obj"
         "..\..\..\..\ioq3-urt-build\ioq3-urt\jdpostct.obj"
         "..\..\..\..\ioq3-urt-build\ioq3-urt\jdsample.obj"
         "..\..\..\..\ioq3-urt-build\ioq3-urt\jdtrans.obj"
         "..\..\..\..\ioq3-urt-build\ioq3-urt\jerror.obj"
         "..\..\..\..\ioq3-urt-build\ioq3-urt\jfdctflt.obj"
         "..\..\..\..\ioq3-urt-build\ioq3-urt\jidctflt.obj"
         "..\..\..\..\ioq3-urt-build\ioq3-urt\jmemmgr.obj"
         "..\..\..\..\ioq3-urt-build\ioq3-urt\jmemnobs.obj"
         "..\..\..\..\ioq3-urt-build\ioq3-urt\jutils.obj"
         "..\..\..\..\ioq3-urt-build\ioq3-urt\cm_load.obj"
         "..\..\..\..\ioq3-urt-build\ioq3-urt\cm_patch.obj"
         "..\..\..\..\ioq3-urt-build\ioq3-urt\cm_polylib.obj"
         "..\..\..\..\ioq3-urt-build\ioq3-urt\cm_test.obj"
         "..\..\..\..\ioq3-urt-build\ioq3-urt\cm_trace.obj"
         "..\..\..\..\ioq3-urt-build\ioq3-urt\cmd.obj"
         "..\..\..\..\ioq3-urt-build\ioq3-urt\common.obj"
         "..\..\..\..\ioq3-urt-build\ioq3-urt\con_log.obj"
         "..\..\..\..\ioq3-urt-build\ioq3-urt\con_passive.obj"
         "..\..\..\..\ioq3-urt-build\ioq3-urt\cvar.obj"
         "..\..\..\..\ioq3-urt-build\ioq3-urt\files.obj"
         "..\..\..\..\ioq3-urt-build\ioq3-urt\huffman.obj"
         "..\..\..\..\ioq3-urt-build\ioq3-urt\md4.obj"
         "..\..\..\..\ioq3-urt-build\ioq3-urt\md5.obj"
         "..\..\..\..\ioq3-urt-build\ioq3-urt\msg.obj"
         "..\..\..\..\ioq3-urt-build\ioq3-urt\net_chan.obj"
         "..\..\..\..\ioq3-urt-build\ioq3-urt\net_ip.obj"
         "..\..\..\..\ioq3-urt-build\ioq3-urt\puff.obj"
         "..\..\..\..\ioq3-urt-build\ioq3-urt\q_math.obj"
         "..\..\..\..\ioq3-urt-build\ioq3-urt\q_shared.obj"
         "..\..\..\..\ioq3-urt-build\ioq3-urt\qal.obj"
         "..\..\..\..\ioq3-urt-build\ioq3-urt\sdl_gamma.obj"
         "..\..\..\..\ioq3-urt-build\ioq3-urt\sdl_glimp.obj"
         "..\..\..\..\ioq3-urt-build\ioq3-urt\sdl_input.obj"
         "..\..\..\..\ioq3-urt-build\ioq3-urt\sdl_snd.obj"
         "..\..\..\..\ioq3-urt-build\ioq3-urt\snd_adpcm.obj"
         "..\..\..\..\ioq3-urt-build\ioq3-urt\snd_codec.obj"
         "..\..\..\..\ioq3-urt-build\ioq3-urt\snd_codec_ogg.obj"
         "..\..\..\..\ioq3-urt-build\ioq3-urt\snd_codec_wav.obj"
         "..\..\..\..\ioq3-urt-build\ioq3-urt\snd_dma.obj"
         "..\..\..\..\ioq3-urt-build\ioq3-urt\snd_main.obj"
         "..\..\..\..\ioq3-urt-build\ioq3-urt\snd_mem.obj"
         "..\..\..\..\ioq3-urt-build\ioq3-urt\snd_mix.obj"
         "..\..\..\..\ioq3-urt-build\ioq3-urt\snd_openal.obj"
         "..\..\..\..\ioq3-urt-build\ioq3-urt\snd_wavelet.obj"
         "..\..\..\..\ioq3-urt-build\ioq3-urt\sv_bot.obj"
         "..\..\..\..\ioq3-urt-build\ioq3-urt\sv_ccmds.obj"
         "..\..\..\..\ioq3-urt-build\ioq3-urt\sv_client.obj"
         "..\..\..\..\ioq3-urt-build\ioq3-urt\sv_game.obj"
         "..\..\..\..\ioq3-urt-build\ioq3-urt\sv_init.obj"
         "..\..\..\..\ioq3-urt-build\ioq3-urt\sv_main.obj"
         "..\..\..\..\ioq3-urt-build\ioq3-urt\sv_net_chan.obj"
         "..\..\..\..\ioq3-urt-build\ioq3-urt\sv_snapshot.obj"
         "..\..\..\..\ioq3-urt-build\ioq3-urt\sv_world.obj"
         "..\..\..\..\ioq3-urt-build\ioq3-urt\sys_main.obj"
         "..\..\..\..\ioq3-urt-build\ioq3-urt\sys_win32.obj"
         "..\..\..\..\ioq3-urt-build\ioq3-urt\unzip.obj"
         "..\..\..\..\ioq3-urt-build\ioq3-urt\ioapi.obj"
         "..\..\..\..\ioq3-urt-build\ioq3-urt\vm.obj"
         "..\..\..\..\ioq3-urt-build\ioq3-urt\vm_interpreted.obj"
         "..\..\..\..\ioq3-urt-build\ioq3-urt\vm_x86.obj"
         "..\..\..\..\ioq3-urt-build\ioq3-urt\be_aas_bspq3.obj"
         "..\..\..\..\ioq3-urt-build\ioq3-urt\be_aas_cluster.obj"
         "..\..\..\..\ioq3-urt-build\ioq3-urt\be_aas_debug.obj"
         "..\..\..\..\ioq3-urt-build\ioq3-urt\be_aas_entity.obj"
         "..\..\..\..\ioq3-urt-build\ioq3-urt\be_aas_file.obj"
         "..\..\..\..\ioq3-urt-build\ioq3-urt\be_aas_main.obj"
         "..\..\..\..\ioq3-urt-build\ioq3-urt\be_aas_move.obj"
         "..\..\..\..\ioq3-urt-build\ioq3-urt\be_aas_optimize.obj"
         "..\..\..\..\ioq3-urt-build\ioq3-urt\be_aas_reach.obj"
         "..\..\..\..\ioq3-urt-build\ioq3-urt\be_aas_route.obj"
         "..\..\..\..\ioq3-urt-build\ioq3-urt\be_aas_routealt.obj"
         "..\..\..\..\ioq3-urt-build\ioq3-urt\be_aas_sample.obj"
         "..\..\..\..\ioq3-urt-build\ioq3-urt\be_ai_char.obj"
         "..\..\..\..\ioq3-urt-build\ioq3-urt\be_ai_chat.obj"
         "..\..\..\..\ioq3-urt-build\ioq3-urt\be_ai_gen.obj"
         "..\..\..\..\ioq3-urt-build\ioq3-urt\be_ai_goal.obj"
         "..\..\..\..\ioq3-urt-build\ioq3-urt\be_ai_move.obj"
         "..\..\..\..\ioq3-urt-build\ioq3-urt\be_ai_weap.obj"
         "..\..\..\..\ioq3-urt-build\ioq3-urt\be_ai_weight.obj"
         "..\..\..\..\ioq3-urt-build\ioq3-urt\be_ea.obj"
         "..\..\..\..\ioq3-urt-build\ioq3-urt\be_interface.obj"
         "..\..\..\..\ioq3-urt-build\ioq3-urt\l_crc.obj"
         "..\..\..\..\ioq3-urt-build\ioq3-urt\l_libvar.obj"
         "..\..\..\..\ioq3-urt-build\ioq3-urt\l_log.obj"
         "..\..\..\..\ioq3-urt-build\ioq3-urt\l_memory.obj"
         "..\..\..\..\ioq3-urt-build\ioq3-urt\l_precomp.obj"
         "..\..\..\..\ioq3-urt-build\ioq3-urt\l_script.obj"
         "..\..\..\..\ioq3-urt-build\ioq3-urt\l_struct.obj"
         "..\..\..\..\ioq3-urt-build\ioq3-urt\tr_animation.obj"
         "..\..\..\..\ioq3-urt-build\ioq3-urt\tr_backend.obj"
         "..\..\..\..\ioq3-urt-build\ioq3-urt\tr_bsp.obj"
         "..\..\..\..\ioq3-urt-build\ioq3-urt\tr_cmds.obj"
         "..\..\..\..\ioq3-urt-build\ioq3-urt\tr_curve.obj"
         "..\..\..\..\ioq3-urt-build\ioq3-urt\tr_flares.obj"
         "..\..\..\..\ioq3-urt-build\ioq3-urt\tr_font.obj"
         "..\..\..\..\ioq3-urt-build\ioq3-urt\tr_image.obj"
         "..\..\..\..\ioq3-urt-build\ioq3-urt\tr_image_bmp.obj"
         "..\..\..\..\ioq3-urt-build\ioq3-urt\tr_image_jpg.obj"
         "..\..\..\..\ioq3-urt-build\ioq3-urt\tr_image_pcx.obj"
         "..\..\..\..\ioq3-urt-build\ioq3-urt\tr_image_png.obj"
         "..\..\..\..\ioq3-urt-build\ioq3-urt\tr_image_tga.obj"
         "..\..\..\..\ioq3-urt-build\ioq3-urt\tr_init.obj"
         "..\..\..\..\ioq3-urt-build\ioq3-urt\tr_light.obj"
         "..\..\..\..\ioq3-urt-build\ioq3-urt\tr_main.obj"
         "..\..\..\..\ioq3-urt-build\ioq3-urt\tr_marks.obj"
         "..\..\..\..\ioq3-urt-build\ioq3-urt\tr_mesh.obj"
         "..\..\..\..\ioq3-urt-build\ioq3-urt\tr_model.obj"
         "..\..\..\..\ioq3-urt-build\ioq3-urt\tr_noise.obj"
         "..\..\..\..\ioq3-urt-build\ioq3-urt\tr_scene.obj"
         "..\..\..\..\ioq3-urt-build\ioq3-urt\tr_shade.obj"
         "..\..\..\..\ioq3-urt-build\ioq3-urt\tr_shade_calc.obj"
         "..\..\..\..\ioq3-urt-build\ioq3-urt\tr_shader.obj"
         "..\..\..\..\ioq3-urt-build\ioq3-urt\tr_shadows.obj"
         "..\..\..\..\ioq3-urt-build\ioq3-urt\tr_sky.obj"
         "..\..\..\..\ioq3-urt-build\ioq3-urt\tr_surface.obj"
         "..\..\..\..\ioq3-urt-build\ioq3-urt\tr_world.obj"
         "..\..\..\..\ioq3-urt-build\ioq3-urt\adler32.obj"
         "..\..\..\..\ioq3-urt-build\ioq3-urt\crc32.obj"
         "..\..\..\..\ioq3-urt-build\ioq3-urt\inffast.obj"
         "..\..\..\..\ioq3-urt-build\ioq3-urt\inflate.obj"
         "..\..\..\..\ioq3-urt-build\ioq3-urt\inftrees.obj"
         "..\..\..\..\ioq3-urt-build\ioq3-urt\zutil.obj"
            Creating library ..\..\..\..\ioq3-urt-build\ioq3-urt\ioquake3.lib and object ..\..\..\..\ioq3-urt-build\ioq3-urt\ioquake3.exp
         quake3.vcxproj -> C:\msys\1.0\home\thinker\ioq3-urt-git\ioq3-urt\misc\msvc\..\..\..\..\ioq3-urt-build\ioq3-urt\ioquake3.exe
       Manifest:
         C:\Program Files (x86)\Microsoft SDKs\Windows\v7.0A\bin\mt.exe /nologo /verbose /outputresource:"C:\msys\1.0\home\thinker\ioq3-urt-git\ioq3-urt\misc\msvc\..\..\..\..\ioq3-urt-build\ioq3-urt\ioquake3.exe;#1" /manifest "..\..\..\..\ioq3-urt-build\ioq3-urt\ioquake3.exe.intermediate.manifest"
       _AfterBuild:
         Deleting file "..\..\..\..\ioq3-urt-build\ioq3-urt\quake3.unsuccessfulbuild".
         Touching "..\..\..\..\ioq3-urt-build\ioq3-urt\quake3.lastbuildstate".
     1>Done Building Project "C:\msys\1.0\home\thinker\ioq3-urt-git\ioq3-urt\misc\msvc\quake3.vcxproj" (build target(s)).

Build succeeded.

Time Elapsed 00:00:03.24
